
2024/12/19 (18:15:45) | ===> btop++ v.1.4.0
2024/12/19 (18:15:45) | WARNING: Failed to get disk/partition stats for mount "/media/nas" with statvfs error code: 112. Ignoring...

2025/02/06 (16:22:22) | ===> btop++ v.1.4.0
2025/02/06 (16:22:22) | WARNING: Intel GPU: Failed to initialize PMU

2025/02/06 (16:46:04) | ===> btop++ v.1.4.0
2025/02/06 (16:46:04) | WARNING: Intel GPU: Failed to initialize PMU

<<<<<<< HEAD
2025/02/22 (00:35:29) | ===> btop++ v.1.4.0
2025/02/22 (00:35:29) | WARNING: Intel GPU: Failed to initialize PMU

2025/02/22 (00:37:38) | ===> btop++ v.1.4.0
2025/02/22 (00:37:38) | WARNING: Intel GPU: Failed to initialize PMU

2025/02/23 (01:05:34) | ===> btop++ v.1.4.0
2025/02/23 (01:05:34) | WARNING: Intel GPU: Failed to initialize PMU

2025/02/23 (01:06:51) | ===> btop++ v.1.4.0
2025/02/23 (01:06:51) | WARNING: Intel GPU: Failed to initialize PMU

2025/02/26 (11:15:20) | ===> btop++ v.1.4.0
2025/02/26 (11:15:20) | WARNING: Intel GPU: Failed to initialize PMU

2025/02/26 (11:17:21) | ===> btop++ v.1.4.0
2025/02/26 (11:17:21) | WARNING: Intel GPU: Failed to initialize PMU

2025/02/26 (20:45:32) | ===> btop++ v.1.4.0
2025/02/26 (20:45:32) | WARNING: Intel GPU: Failed to initialize PMU

2025/02/27 (11:14:28) | ===> btop++ v.1.4.0
2025/02/27 (11:14:28) | WARNING: Intel GPU: Failed to initialize PMU

2025/02/27 (17:30:30) | ===> btop++ v.1.4.0
2025/02/27 (17:30:30) | WARNING: Intel GPU: Failed to initialize PMU

2025/02/27 (17:47:26) | ===> btop++ v.1.4.0
2025/02/27 (17:47:26) | WARNING: Intel GPU: Failed to initialize PMU

2025/02/28 (09:36:56) | ===> btop++ v.1.4.0
2025/02/28 (09:36:56) | WARNING: Intel GPU: Failed to initialize PMU

2025/02/28 (11:05:47) | ===> btop++ v.1.4.0
2025/02/28 (11:05:47) | WARNING: Intel GPU: Failed to initialize PMU

2025/03/03 (16:36:07) | ===> btop++ v.1.4.0
2025/03/03 (16:36:07) | WARNING: Intel GPU: Failed to initialize PMU

2025/03/04 (16:08:18) | ===> btop++ v.1.4.0
2025/03/04 (16:08:18) | WARNING: Intel GPU: Failed to initialize PMU

2025/03/05 (17:07:18) | ===> btop++ v.1.4.0
2025/03/05 (17:07:18) | WARNING: Intel GPU: Failed to initialize PMU

2025/03/05 (17:07:20) | ===> btop++ v.1.4.0
2025/03/05 (17:07:20) | WARNING: Intel GPU: Failed to initialize PMU

2025/03/05 (17:29:49) | ===> btop++ v.1.4.0
2025/03/05 (17:29:49) | WARNING: Intel GPU: Failed to initialize PMU

2025/03/07 (09:37:42) | ===> btop++ v.1.4.0
2025/03/07 (09:37:42) | WARNING: Intel GPU: Failed to initialize PMU

2025/03/07 (21:59:59) | ===> btop++ v.1.4.0
2025/03/07 (21:59:59) | WARNING: Intel GPU: Failed to initialize PMU

2025/03/10 (07:50:09) | ===> btop++ v.1.4.0
2025/03/10 (07:50:09) | WARNING: Intel GPU: Failed to initialize PMU

2025/03/14 (09:26:49) | ===> btop++ v.1.4.0
2025/03/14 (09:26:49) | WARNING: Intel GPU: Failed to initialize PMU

2025/03/14 (17:58:20) | ===> btop++ v.1.4.0
2025/03/14 (17:58:20) | WARNING: Intel GPU: Failed to initialize PMU

2025/03/14 (17:58:33) | ===> btop++ v.1.4.0
2025/03/14 (17:58:33) | WARNING: Intel GPU: Failed to initialize PMU

2025/03/14 (22:56:27) | ===> btop++ v.1.4.0
2025/03/14 (22:56:27) | WARNING: Intel GPU: Failed to initialize PMU

2025/03/18 (12:57:41) | ===> btop++ v.1.4.0
2025/03/18 (12:57:41) | WARNING: Intel GPU: Failed to initialize PMU

2025/03/18 (13:35:47) | ===> btop++ v.1.4.0
2025/03/18 (13:35:47) | WARNING: Intel GPU: Failed to initialize PMU

2025/03/20 (17:23:45) | ===> btop++ v.1.4.0
2025/03/20 (17:23:45) | WARNING: Intel GPU: Failed to initialize PMU

2025/03/20 (17:29:10) | ===> btop++ v.1.4.0
2025/03/20 (17:29:10) | WARNING: Intel GPU: Failed to initialize PMU

2025/03/21 (11:54:20) | ===> btop++ v.1.4.0
2025/03/21 (11:54:20) | WARNING: Intel GPU: Failed to initialize PMU

2025/03/21 (12:01:16) | ===> btop++ v.1.4.0
2025/03/21 (12:01:16) | WARNING: Intel GPU: Failed to initialize PMU

2025/03/21 (12:50:20) | ===> btop++ v.1.4.0
2025/03/21 (12:50:20) | WARNING: Intel GPU: Failed to initialize PMU

2025/03/21 (12:57:46) | ===> btop++ v.1.4.0
2025/03/21 (12:57:46) | WARNING: Intel GPU: Failed to initialize PMU

2025/03/21 (14:37:54) | ===> btop++ v.1.4.0
2025/03/21 (14:37:54) | WARNING: Intel GPU: Failed to initialize PMU

2025/03/21 (15:44:03) | ===> btop++ v.1.4.0
2025/03/21 (15:44:03) | WARNING: Intel GPU: Failed to initialize PMU

2025/03/24 (12:28:25) | ===> btop++ v.1.4.0
2025/03/24 (12:28:25) | WARNING: Intel GPU: Failed to initialize PMU

2025/03/24 (12:33:50) | ===> btop++ v.1.4.0
2025/03/24 (12:33:50) | WARNING: Intel GPU: Failed to initialize PMU

2025/03/25 (15:45:22) | ===> btop++ v.1.4.0
2025/03/25 (15:45:22) | WARNING: Intel GPU: Failed to initialize PMU

2025/03/25 (15:50:54) | ===> btop++ v.1.4.0
2025/03/25 (15:50:54) | WARNING: Intel GPU: Failed to initialize PMU

2025/03/25 (16:03:49) | ===> btop++ v.1.4.0
2025/03/25 (16:03:49) | WARNING: Intel GPU: Failed to initialize PMU

2025/03/25 (19:06:39) | ===> btop++ v.1.4.0
2025/03/25 (19:06:39) | WARNING: Intel GPU: Failed to initialize PMU

2025/03/25 (19:20:54) | ===> btop++ v.1.4.0
2025/03/25 (19:20:54) | WARNING: Intel GPU: Failed to initialize PMU

2025/03/28 (11:39:10) | ===> btop++ v.1.4.0
2025/03/28 (11:39:10) | WARNING: Intel GPU: Failed to initialize PMU

2025/03/28 (12:57:05) | ===> btop++ v.1.4.0
2025/03/28 (12:57:05) | WARNING: Intel GPU: Failed to initialize PMU

2025/03/28 (12:57:12) | ===> btop++ v.1.4.0
2025/03/28 (12:57:12) | WARNING: Intel GPU: Failed to initialize PMU

2025/03/31 (16:57:06) | ===> btop++ v.1.4.0
2025/03/31 (16:57:06) | WARNING: Intel GPU: Failed to initialize PMU

2025/04/02 (10:06:48) | ===> btop++ v.1.4.0
2025/04/02 (10:06:48) | WARNING: Intel GPU: Failed to initialize PMU

2025/04/03 (19:03:46) | ===> btop++ v.1.4.0
2025/04/03 (19:03:46) | WARNING: Intel GPU: Failed to initialize PMU

2025/04/03 (19:34:28) | ===> btop++ v.1.4.0
2025/04/03 (19:34:28) | WARNING: Intel GPU: Failed to initialize PMU

2025/04/04 (17:25:19) | ===> btop++ v.1.4.0
2025/04/04 (17:25:19) | WARNING: Intel GPU: Failed to initialize PMU

2025/04/04 (17:37:39) | ===> btop++ v.1.4.0
2025/04/04 (17:37:39) | WARNING: Intel GPU: Failed to initialize PMU

2025/04/04 (18:50:42) | ===> btop++ v.1.4.0
2025/04/04 (18:50:42) | WARNING: Intel GPU: Failed to initialize PMU

2025/04/22 (08:11:58) | ===> btop++ v.1.4.0
2025/04/22 (08:11:58) | WARNING: Intel GPU: Failed to initialize PMU

2025/04/23 (07:38:28) | ===> btop++ v.1.4.0
2025/04/23 (07:38:28) | WARNING: Intel GPU: Failed to initialize PMU

2025/04/23 (13:53:49) | ===> btop++ v.1.4.0
2025/04/23 (13:53:49) | WARNING: Intel GPU: Failed to initialize PMU

2025/04/23 (13:56:45) | ===> btop++ v.1.4.0
2025/04/23 (13:56:45) | WARNING: Intel GPU: Failed to initialize PMU

2025/04/23 (13:57:17) | ===> btop++ v.1.4.0
2025/04/23 (13:57:17) | WARNING: Intel GPU: Failed to initialize PMU

2025/04/25 (17:19:32) | ===> btop++ v.1.4.0
2025/04/25 (17:19:32) | WARNING: Intel GPU: Failed to initialize PMU

2025/04/25 (17:48:06) | ===> btop++ v.1.4.0
2025/04/25 (17:48:06) | WARNING: Intel GPU: Failed to initialize PMU

2025/04/25 (17:56:09) | ===> btop++ v.1.4.0
2025/04/25 (17:56:09) | WARNING: Intel GPU: Failed to initialize PMU

2025/04/25 (17:57:12) | ===> btop++ v.1.4.0
2025/04/25 (17:57:12) | WARNING: Intel GPU: Failed to initialize PMU

2025/04/25 (17:57:31) | ===> btop++ v.1.4.0
2025/04/25 (17:57:31) | WARNING: Intel GPU: Failed to initialize PMU

2025/04/25 (17:58:08) | ===> btop++ v.1.4.0
2025/04/25 (17:58:08) | WARNING: Intel GPU: Failed to initialize PMU

2025/04/25 (18:04:08) | ===> btop++ v.1.4.0
2025/04/25 (18:04:08) | WARNING: Intel GPU: Failed to initialize PMU

2025/04/25 (18:04:47) | ===> btop++ v.1.4.0
2025/04/25 (18:04:47) | WARNING: Intel GPU: Failed to initialize PMU
=======
2025/03/01 (20:46:53) | ===> btop++ v.1.4.0
2025/03/01 (20:46:53) | ERROR: Stall in Runner thread, restarting!

2025/03/25 (18:26:00) | ===> btop++ v.1.4.0
2025/03/25 (18:26:00) | ERROR: Stall in Runner thread, restarting!
>>>>>>> 0c884aa9a4879acbfb7f763356a753c799ca5c9e
